
> omarendus@0.1.0 dev
> next dev --turbopack

 ⚠ Port 3000 is in use by process 47843, using available port 3001 instead.
   ▲ Next.js 15.5.3 (Turbopack)
   - Local:        http://localhost:3001
   - Network:      http://192.168.1.115:3001

 ✓ Starting...
 ✓ Ready in 1005ms
 ○ Compiling / ...
 ✓ Compiled / in 1792ms
 GET / 200 in 2097ms
 ✓ Compiled /_not-found/page in 317ms
 GET /canva/card-4.jpg 404 in 536ms
 GET /canva/card-2.jpg 404 in 541ms
 GET /canva/card-3.jpg 404 in 540ms
 GET /canva/card-1.jpg 404 in 551ms
 ✓ Compiled /favicon.ico in 176ms
 GET /favicon.ico?favicon.0b3bf435.ico 200 in 430ms
 GET /favicon.ico?favicon.0b3bf435.ico 200 in 454ms
 ✓ Compiled in 296ms
 ✓ Compiled / in 51ms
 GET / 200 in 314ms
 ✓ Compiled in 132ms
 ✓ Compiled / in 43ms
 GET / 200 in 260ms
 ✓ Compiled in 175ms
 ✓ Compiled / in 74ms
 GET / 200 in 344ms
 ✓ Compiled in 767ms
 ✓ Compiled / in 82ms
 GET / 200 in 626ms
 ✓ Compiled in 241ms
 ✓ Compiled in 246ms
 ✓ Compiled in 497ms
 ✓ Compiled in 143ms
 ✓ Compiled in 199ms
 ✓ Compiled in 212ms
 ✓ Compiled in 561ms
 ✓ Compiled in 123ms
 ✓ Compiled in 261ms
 ✓ Compiled in 239ms
 ✓ Compiled in 108ms
 ✓ Compiled in 101ms
 ✓ Compiled in 101ms
 ✓ Compiled in 115ms
 ✓ Compiled in 103ms
 ✓ Compiled in 83ms
 ✓ Compiled in 103ms
 ✓ Compiled in 103ms
 ✓ Compiled in 116ms
 ✓ Compiled / in 83ms
 GET / 200 in 526ms
 ✓ Compiled /_not-found/page in 50ms
 GET /canva/card-1.jpg 404 in 396ms
 GET /canva/card-4.jpg 404 in 434ms
 GET /canva/card-2.jpg 404 in 439ms
 GET /canva/card-3.jpg 404 in 437ms
 GET /favicon.ico?favicon.0b3bf435.ico 200 in 297ms
 GET /favicon.ico?favicon.0b3bf435.ico 200 in 300ms
 ✓ Compiled in 316ms
 ✓ Compiled / in 91ms
 GET / 200 in 444ms
 ✓ Compiled in 303ms
 ✓ Compiled / in 90ms
 GET / 200 in 386ms
 ✓ Compiled in 341ms
 ✓ Compiled / in 88ms
 GET / 200 in 394ms
 ✓ Compiled in 271ms
 ✓ Compiled / in 94ms
 GET / 200 in 587ms
 ✓ Compiled in 370ms
 ✓ Compiled / in 127ms
 GET / 200 in 594ms
 ✓ Compiled in 175ms
 ✓ Compiled / in 75ms
 GET / 200 in 374ms
 ✓ Compiled in 141ms
 ✓ Compiled / in 49ms
 GET / 200 in 249ms
 ✓ Compiled in 246ms
 ✓ Compiled in 333ms
 ✓ Compiled / in 67ms
 GET / 200 in 318ms
 ✓ Compiled in 157ms
 ✓ Compiled / in 109ms
 GET / 200 in 523ms
 ✓ Compiled in 122ms
 ✓ Compiled / in 26ms
 GET / 200 in 286ms
 ✓ Compiled in 169ms
 ✓ Compiled / in 58ms
 GET / 200 in 414ms
 ✓ Compiled in 142ms
 ✓ Compiled / in 64ms
 GET / 200 in 274ms
 ✓ Compiled in 147ms
 ✓ Compiled / in 84ms
 GET / 200 in 393ms
 ✓ Compiled in 1296ms
 ✓ Compiled / in 259ms
 GET / 200 in 639ms
 ✓ Compiled in 186ms
 ✓ Compiled / in 44ms
 GET / 200 in 227ms
 ✓ Compiled in 419ms
 ✓ Compiled in 361ms
 ✓ Compiled in 132ms
 ✓ Compiled in 223ms
 ✓ Compiled in 197ms
 ✓ Compiled in 496ms
 ✓ Compiled / in 52ms
 GET / 200 in 409ms
 ✓ Compiled in 227ms
 ✓ Compiled in 288ms
 ✓ Compiled / in 42ms
 GET / 200 in 307ms
 ✓ Compiled in 214ms
 ✓ Compiled in 224ms
 ✓ Compiled in 237ms
 ✓ Compiled in 285ms
 GET / 200 in 484ms
 ✓ Compiled in 801ms
 ✓ Compiled / in 45ms
 GET / 200 in 277ms
 ✓ Compiled in 344ms
 ⚠ Fast Refresh had to perform a full reload when ./src/app/page.tsx changed. Read more: https://nextjs.org/docs/messages/fast-refresh-reload
 GET / 200 in 678ms
 ✓ Compiled in 216ms
